[2024-12-31T22:01:24.156+0000] {processor.py:186} INFO - Started process (PID=2459) to work on /opt/airflow/dags/fistdag.py
[2024-12-31T22:01:24.157+0000] {processor.py:914} INFO - Processing file /opt/airflow/dags/fistdag.py for tasks to queue
[2024-12-31T22:01:24.159+0000] {logging_mixin.py:190} INFO - [2024-12-31T22:01:24.159+0000] {dagbag.py:588} INFO - Filling up the DagBag from /opt/airflow/dags/fistdag.py
[2024-12-31T22:01:24.192+0000] {processor.py:925} INFO - DAG(s) 'our_first_dag_v5' retrieved from /opt/airflow/dags/fistdag.py
[2024-12-31T22:01:24.317+0000] {logging_mixin.py:190} INFO - [2024-12-31T22:01:24.315+0000] {override.py:1911} INFO - Created Permission View: can edit on DAG:our_first_dag_v5
[2024-12-31T22:01:24.329+0000] {logging_mixin.py:190} INFO - [2024-12-31T22:01:24.329+0000] {override.py:1911} INFO - Created Permission View: can delete on DAG:our_first_dag_v5
[2024-12-31T22:01:24.339+0000] {logging_mixin.py:190} INFO - [2024-12-31T22:01:24.338+0000] {override.py:1911} INFO - Created Permission View: can read on DAG:our_first_dag_v5
[2024-12-31T22:01:24.352+0000] {logging_mixin.py:190} INFO - [2024-12-31T22:01:24.352+0000] {override.py:1911} INFO - Created Permission View: menu access on DAG Run:our_first_dag_v5
[2024-12-31T22:01:24.361+0000] {logging_mixin.py:190} INFO - [2024-12-31T22:01:24.361+0000] {override.py:1911} INFO - Created Permission View: can create on DAG Run:our_first_dag_v5
[2024-12-31T22:01:24.370+0000] {logging_mixin.py:190} INFO - [2024-12-31T22:01:24.369+0000] {override.py:1911} INFO - Created Permission View: can delete on DAG Run:our_first_dag_v5
[2024-12-31T22:01:24.379+0000] {logging_mixin.py:190} INFO - [2024-12-31T22:01:24.379+0000] {override.py:1911} INFO - Created Permission View: can read on DAG Run:our_first_dag_v5
[2024-12-31T22:01:24.380+0000] {logging_mixin.py:190} INFO - [2024-12-31T22:01:24.380+0000] {dag.py:3239} INFO - Sync 1 DAGs
[2024-12-31T22:01:24.393+0000] {logging_mixin.py:190} INFO - [2024-12-31T22:01:24.393+0000] {dag.py:3262} INFO - Creating ORM DAG for our_first_dag_v5
[2024-12-31T22:01:24.403+0000] {logging_mixin.py:190} INFO - [2024-12-31T22:01:24.403+0000] {dag.py:4180} INFO - Setting next_dagrun for our_first_dag_v5 to 2021-07-30 00:00:00+00:00, run_after=2021-07-31 00:00:00+00:00
[2024-12-31T22:01:24.425+0000] {processor.py:208} INFO - Processing /opt/airflow/dags/fistdag.py took 0.276 seconds
[2024-12-31T22:01:55.135+0000] {processor.py:186} INFO - Started process (PID=2506) to work on /opt/airflow/dags/fistdag.py
[2024-12-31T22:01:55.137+0000] {processor.py:914} INFO - Processing file /opt/airflow/dags/fistdag.py for tasks to queue
[2024-12-31T22:01:55.139+0000] {logging_mixin.py:190} INFO - [2024-12-31T22:01:55.139+0000] {dagbag.py:588} INFO - Filling up the DagBag from /opt/airflow/dags/fistdag.py
[2024-12-31T22:01:55.169+0000] {processor.py:925} INFO - DAG(s) 'our_first_dag_v5' retrieved from /opt/airflow/dags/fistdag.py
[2024-12-31T22:01:55.194+0000] {logging_mixin.py:190} INFO - [2024-12-31T22:01:55.194+0000] {dag.py:3239} INFO - Sync 1 DAGs
[2024-12-31T22:01:55.225+0000] {logging_mixin.py:190} INFO - [2024-12-31T22:01:55.225+0000] {dag.py:4180} INFO - Setting next_dagrun for our_first_dag_v5 to 2021-07-30 00:00:00+00:00, run_after=2021-07-31 00:00:00+00:00
[2024-12-31T22:01:55.248+0000] {processor.py:208} INFO - Processing /opt/airflow/dags/fistdag.py took 0.120 seconds
[2024-12-31T22:02:28.215+0000] {processor.py:186} INFO - Started process (PID=2571) to work on /opt/airflow/dags/fistdag.py
[2024-12-31T22:02:28.216+0000] {processor.py:914} INFO - Processing file /opt/airflow/dags/fistdag.py for tasks to queue
[2024-12-31T22:02:28.218+0000] {logging_mixin.py:190} INFO - [2024-12-31T22:02:28.218+0000] {dagbag.py:588} INFO - Filling up the DagBag from /opt/airflow/dags/fistdag.py
[2024-12-31T22:02:28.252+0000] {processor.py:925} INFO - DAG(s) 'our_first_dag_v5' retrieved from /opt/airflow/dags/fistdag.py
[2024-12-31T22:02:28.282+0000] {logging_mixin.py:190} INFO - [2024-12-31T22:02:28.282+0000] {dag.py:3239} INFO - Sync 1 DAGs
[2024-12-31T22:02:28.313+0000] {logging_mixin.py:190} INFO - [2024-12-31T22:02:28.313+0000] {dag.py:4180} INFO - Setting next_dagrun for our_first_dag_v5 to 2021-07-30 00:00:00+00:00, run_after=2021-07-31 00:00:00+00:00
[2024-12-31T22:02:28.341+0000] {processor.py:208} INFO - Processing /opt/airflow/dags/fistdag.py took 0.136 seconds
[2024-12-31T22:03:00.911+0000] {processor.py:186} INFO - Started process (PID=2636) to work on /opt/airflow/dags/fistdag.py
[2024-12-31T22:03:00.913+0000] {processor.py:914} INFO - Processing file /opt/airflow/dags/fistdag.py for tasks to queue
[2024-12-31T22:03:00.915+0000] {logging_mixin.py:190} INFO - [2024-12-31T22:03:00.915+0000] {dagbag.py:588} INFO - Filling up the DagBag from /opt/airflow/dags/fistdag.py
[2024-12-31T22:03:00.946+0000] {processor.py:925} INFO - DAG(s) 'our_first_dag_v5' retrieved from /opt/airflow/dags/fistdag.py
[2024-12-31T22:03:00.979+0000] {logging_mixin.py:190} INFO - [2024-12-31T22:03:00.979+0000] {dag.py:3239} INFO - Sync 1 DAGs
[2024-12-31T22:03:01.028+0000] {logging_mixin.py:190} INFO - [2024-12-31T22:03:01.027+0000] {dag.py:4180} INFO - Setting next_dagrun for our_first_dag_v5 to 2021-07-30 00:00:00+00:00, run_after=2021-07-31 00:00:00+00:00
[2024-12-31T22:03:01.061+0000] {processor.py:208} INFO - Processing /opt/airflow/dags/fistdag.py took 0.160 seconds
[2024-12-31T22:03:32.988+0000] {processor.py:186} INFO - Started process (PID=2701) to work on /opt/airflow/dags/fistdag.py
[2024-12-31T22:03:32.989+0000] {processor.py:914} INFO - Processing file /opt/airflow/dags/fistdag.py for tasks to queue
[2024-12-31T22:03:32.992+0000] {logging_mixin.py:190} INFO - [2024-12-31T22:03:32.992+0000] {dagbag.py:588} INFO - Filling up the DagBag from /opt/airflow/dags/fistdag.py
[2024-12-31T22:03:33.022+0000] {processor.py:925} INFO - DAG(s) 'our_first_dag_v5' retrieved from /opt/airflow/dags/fistdag.py
[2024-12-31T22:03:33.051+0000] {logging_mixin.py:190} INFO - [2024-12-31T22:03:33.051+0000] {dag.py:3239} INFO - Sync 1 DAGs
[2024-12-31T22:03:33.082+0000] {logging_mixin.py:190} INFO - [2024-12-31T22:03:33.082+0000] {dag.py:4180} INFO - Setting next_dagrun for our_first_dag_v5 to 2021-07-30 00:00:00+00:00, run_after=2021-07-31 00:00:00+00:00
[2024-12-31T22:03:33.108+0000] {processor.py:208} INFO - Processing /opt/airflow/dags/fistdag.py took 0.131 seconds
[2024-12-31T22:04:05.554+0000] {processor.py:186} INFO - Started process (PID=2766) to work on /opt/airflow/dags/fistdag.py
[2024-12-31T22:04:05.555+0000] {processor.py:914} INFO - Processing file /opt/airflow/dags/fistdag.py for tasks to queue
[2024-12-31T22:04:05.557+0000] {logging_mixin.py:190} INFO - [2024-12-31T22:04:05.557+0000] {dagbag.py:588} INFO - Filling up the DagBag from /opt/airflow/dags/fistdag.py
[2024-12-31T22:04:05.585+0000] {processor.py:925} INFO - DAG(s) 'our_first_dag_v5' retrieved from /opt/airflow/dags/fistdag.py
[2024-12-31T22:04:05.608+0000] {logging_mixin.py:190} INFO - [2024-12-31T22:04:05.608+0000] {dag.py:3239} INFO - Sync 1 DAGs
[2024-12-31T22:04:05.635+0000] {logging_mixin.py:190} INFO - [2024-12-31T22:04:05.635+0000] {dag.py:4180} INFO - Setting next_dagrun for our_first_dag_v5 to 2021-07-30 00:00:00+00:00, run_after=2021-07-31 00:00:00+00:00
[2024-12-31T22:04:05.660+0000] {processor.py:208} INFO - Processing /opt/airflow/dags/fistdag.py took 0.114 seconds
[2024-12-31T22:04:38.908+0000] {processor.py:186} INFO - Started process (PID=2831) to work on /opt/airflow/dags/fistdag.py
[2024-12-31T22:04:38.909+0000] {processor.py:914} INFO - Processing file /opt/airflow/dags/fistdag.py for tasks to queue
[2024-12-31T22:04:38.911+0000] {logging_mixin.py:190} INFO - [2024-12-31T22:04:38.911+0000] {dagbag.py:588} INFO - Filling up the DagBag from /opt/airflow/dags/fistdag.py
[2024-12-31T22:04:38.939+0000] {processor.py:925} INFO - DAG(s) 'our_first_dag_v5' retrieved from /opt/airflow/dags/fistdag.py
[2024-12-31T22:04:38.964+0000] {logging_mixin.py:190} INFO - [2024-12-31T22:04:38.964+0000] {dag.py:3239} INFO - Sync 1 DAGs
[2024-12-31T22:04:38.994+0000] {logging_mixin.py:190} INFO - [2024-12-31T22:04:38.994+0000] {dag.py:4180} INFO - Setting next_dagrun for our_first_dag_v5 to 2021-07-30 00:00:00+00:00, run_after=2021-07-31 00:00:00+00:00
[2024-12-31T22:04:39.018+0000] {processor.py:208} INFO - Processing /opt/airflow/dags/fistdag.py took 0.119 seconds
[2024-12-31T22:05:11.266+0000] {processor.py:186} INFO - Started process (PID=2897) to work on /opt/airflow/dags/fistdag.py
[2024-12-31T22:05:11.268+0000] {processor.py:914} INFO - Processing file /opt/airflow/dags/fistdag.py for tasks to queue
[2024-12-31T22:05:11.270+0000] {logging_mixin.py:190} INFO - [2024-12-31T22:05:11.269+0000] {dagbag.py:588} INFO - Filling up the DagBag from /opt/airflow/dags/fistdag.py
[2024-12-31T22:05:11.298+0000] {processor.py:925} INFO - DAG(s) 'our_first_dag_v5' retrieved from /opt/airflow/dags/fistdag.py
[2024-12-31T22:05:11.323+0000] {logging_mixin.py:190} INFO - [2024-12-31T22:05:11.322+0000] {dag.py:3239} INFO - Sync 1 DAGs
[2024-12-31T22:05:11.349+0000] {logging_mixin.py:190} INFO - [2024-12-31T22:05:11.349+0000] {dag.py:4180} INFO - Setting next_dagrun for our_first_dag_v5 to 2021-07-30 00:00:00+00:00, run_after=2021-07-31 00:00:00+00:00
[2024-12-31T22:05:11.373+0000] {processor.py:208} INFO - Processing /opt/airflow/dags/fistdag.py took 0.117 seconds
[2024-12-31T22:05:41.613+0000] {processor.py:186} INFO - Started process (PID=2962) to work on /opt/airflow/dags/fistdag.py
[2024-12-31T22:05:41.614+0000] {processor.py:914} INFO - Processing file /opt/airflow/dags/fistdag.py for tasks to queue
[2024-12-31T22:05:41.617+0000] {logging_mixin.py:190} INFO - [2024-12-31T22:05:41.616+0000] {dagbag.py:588} INFO - Filling up the DagBag from /opt/airflow/dags/fistdag.py
[2024-12-31T22:05:41.647+0000] {processor.py:925} INFO - DAG(s) 'our_first_dag_v5' retrieved from /opt/airflow/dags/fistdag.py
[2024-12-31T22:05:41.675+0000] {logging_mixin.py:190} INFO - [2024-12-31T22:05:41.675+0000] {dag.py:3239} INFO - Sync 1 DAGs
[2024-12-31T22:05:41.708+0000] {logging_mixin.py:190} INFO - [2024-12-31T22:05:41.708+0000] {dag.py:4180} INFO - Setting next_dagrun for our_first_dag_v5 to 2021-07-30 00:00:00+00:00, run_after=2021-07-31 00:00:00+00:00
[2024-12-31T22:05:41.734+0000] {processor.py:208} INFO - Processing /opt/airflow/dags/fistdag.py took 0.130 seconds
[2024-12-31T22:06:11.983+0000] {processor.py:186} INFO - Started process (PID=3027) to work on /opt/airflow/dags/fistdag.py
[2024-12-31T22:06:11.984+0000] {processor.py:914} INFO - Processing file /opt/airflow/dags/fistdag.py for tasks to queue
[2024-12-31T22:06:11.986+0000] {logging_mixin.py:190} INFO - [2024-12-31T22:06:11.986+0000] {dagbag.py:588} INFO - Filling up the DagBag from /opt/airflow/dags/fistdag.py
[2024-12-31T22:06:12.013+0000] {processor.py:925} INFO - DAG(s) 'our_first_dag_v5' retrieved from /opt/airflow/dags/fistdag.py
[2024-12-31T22:06:12.041+0000] {logging_mixin.py:190} INFO - [2024-12-31T22:06:12.041+0000] {dag.py:3239} INFO - Sync 1 DAGs
[2024-12-31T22:06:12.068+0000] {logging_mixin.py:190} INFO - [2024-12-31T22:06:12.068+0000] {dag.py:4180} INFO - Setting next_dagrun for our_first_dag_v5 to 2021-07-30 00:00:00+00:00, run_after=2021-07-31 00:00:00+00:00
[2024-12-31T22:06:12.091+0000] {processor.py:208} INFO - Processing /opt/airflow/dags/fistdag.py took 0.116 seconds
[2024-12-31T22:06:42.356+0000] {processor.py:186} INFO - Started process (PID=3092) to work on /opt/airflow/dags/fistdag.py
[2024-12-31T22:06:42.357+0000] {processor.py:914} INFO - Processing file /opt/airflow/dags/fistdag.py for tasks to queue
[2024-12-31T22:06:42.359+0000] {logging_mixin.py:190} INFO - [2024-12-31T22:06:42.359+0000] {dagbag.py:588} INFO - Filling up the DagBag from /opt/airflow/dags/fistdag.py
[2024-12-31T22:06:42.387+0000] {processor.py:925} INFO - DAG(s) 'our_first_dag_v5' retrieved from /opt/airflow/dags/fistdag.py
[2024-12-31T22:06:42.418+0000] {logging_mixin.py:190} INFO - [2024-12-31T22:06:42.417+0000] {dag.py:3239} INFO - Sync 1 DAGs
[2024-12-31T22:06:42.447+0000] {logging_mixin.py:190} INFO - [2024-12-31T22:06:42.446+0000] {dag.py:4180} INFO - Setting next_dagrun for our_first_dag_v5 to 2021-07-30 00:00:00+00:00, run_after=2021-07-31 00:00:00+00:00
[2024-12-31T22:06:42.477+0000] {processor.py:208} INFO - Processing /opt/airflow/dags/fistdag.py took 0.131 seconds
[2024-12-31T22:07:12.699+0000] {processor.py:186} INFO - Started process (PID=3157) to work on /opt/airflow/dags/fistdag.py
[2024-12-31T22:07:12.701+0000] {processor.py:914} INFO - Processing file /opt/airflow/dags/fistdag.py for tasks to queue
[2024-12-31T22:07:12.702+0000] {logging_mixin.py:190} INFO - [2024-12-31T22:07:12.702+0000] {dagbag.py:588} INFO - Filling up the DagBag from /opt/airflow/dags/fistdag.py
[2024-12-31T22:07:12.727+0000] {processor.py:925} INFO - DAG(s) 'our_first_dag_v5' retrieved from /opt/airflow/dags/fistdag.py
[2024-12-31T22:07:12.753+0000] {logging_mixin.py:190} INFO - [2024-12-31T22:07:12.753+0000] {dag.py:3239} INFO - Sync 1 DAGs
[2024-12-31T22:07:13.045+0000] {logging_mixin.py:190} INFO - [2024-12-31T22:07:13.044+0000] {dag.py:4180} INFO - Setting next_dagrun for our_first_dag_v5 to 2021-07-30 00:00:00+00:00, run_after=2021-07-31 00:00:00+00:00
[2024-12-31T22:07:13.080+0000] {processor.py:208} INFO - Processing /opt/airflow/dags/fistdag.py took 0.387 seconds
[2024-12-31T22:07:43.942+0000] {processor.py:186} INFO - Started process (PID=3222) to work on /opt/airflow/dags/fistdag.py
[2024-12-31T22:07:43.944+0000] {processor.py:914} INFO - Processing file /opt/airflow/dags/fistdag.py for tasks to queue
[2024-12-31T22:07:43.947+0000] {logging_mixin.py:190} INFO - [2024-12-31T22:07:43.946+0000] {dagbag.py:588} INFO - Filling up the DagBag from /opt/airflow/dags/fistdag.py
[2024-12-31T22:07:43.980+0000] {processor.py:925} INFO - DAG(s) 'our_first_dag_v5' retrieved from /opt/airflow/dags/fistdag.py
[2024-12-31T22:07:44.011+0000] {logging_mixin.py:190} INFO - [2024-12-31T22:07:44.011+0000] {dag.py:3239} INFO - Sync 1 DAGs
[2024-12-31T22:07:44.052+0000] {logging_mixin.py:190} INFO - [2024-12-31T22:07:44.052+0000] {dag.py:4180} INFO - Setting next_dagrun for our_first_dag_v5 to 2021-07-30 00:00:00+00:00, run_after=2021-07-31 00:00:00+00:00
[2024-12-31T22:07:44.301+0000] {processor.py:208} INFO - Processing /opt/airflow/dags/fistdag.py took 0.372 seconds
[2024-12-31T22:08:14.592+0000] {processor.py:186} INFO - Started process (PID=3286) to work on /opt/airflow/dags/fistdag.py
[2024-12-31T22:08:14.594+0000] {processor.py:914} INFO - Processing file /opt/airflow/dags/fistdag.py for tasks to queue
[2024-12-31T22:08:14.595+0000] {logging_mixin.py:190} INFO - [2024-12-31T22:08:14.595+0000] {dagbag.py:588} INFO - Filling up the DagBag from /opt/airflow/dags/fistdag.py
[2024-12-31T22:08:14.625+0000] {processor.py:925} INFO - DAG(s) 'our_first_dag_v5' retrieved from /opt/airflow/dags/fistdag.py
[2024-12-31T22:08:14.650+0000] {logging_mixin.py:190} INFO - [2024-12-31T22:08:14.649+0000] {dag.py:3239} INFO - Sync 1 DAGs
[2024-12-31T22:08:14.684+0000] {logging_mixin.py:190} INFO - [2024-12-31T22:08:14.684+0000] {dag.py:4180} INFO - Setting next_dagrun for our_first_dag_v5 to 2021-07-30 00:00:00+00:00, run_after=2021-07-31 00:00:00+00:00
[2024-12-31T22:08:14.712+0000] {processor.py:208} INFO - Processing /opt/airflow/dags/fistdag.py took 0.134 seconds
[2024-12-31T22:08:45.551+0000] {processor.py:186} INFO - Started process (PID=3351) to work on /opt/airflow/dags/fistdag.py
[2024-12-31T22:08:45.552+0000] {processor.py:914} INFO - Processing file /opt/airflow/dags/fistdag.py for tasks to queue
[2024-12-31T22:08:45.554+0000] {logging_mixin.py:190} INFO - [2024-12-31T22:08:45.554+0000] {dagbag.py:588} INFO - Filling up the DagBag from /opt/airflow/dags/fistdag.py
[2024-12-31T22:08:45.584+0000] {processor.py:925} INFO - DAG(s) 'our_first_dag_v5' retrieved from /opt/airflow/dags/fistdag.py
[2024-12-31T22:08:45.780+0000] {logging_mixin.py:190} INFO - [2024-12-31T22:08:45.780+0000] {dag.py:3239} INFO - Sync 1 DAGs
[2024-12-31T22:08:45.804+0000] {logging_mixin.py:190} INFO - [2024-12-31T22:08:45.803+0000] {dag.py:4180} INFO - Setting next_dagrun for our_first_dag_v5 to 2021-07-30 00:00:00+00:00, run_after=2021-07-31 00:00:00+00:00
[2024-12-31T22:08:45.839+0000] {processor.py:208} INFO - Processing /opt/airflow/dags/fistdag.py took 0.295 seconds
[2024-12-31T22:09:16.380+0000] {processor.py:186} INFO - Started process (PID=3416) to work on /opt/airflow/dags/fistdag.py
[2024-12-31T22:09:16.381+0000] {processor.py:914} INFO - Processing file /opt/airflow/dags/fistdag.py for tasks to queue
[2024-12-31T22:09:16.383+0000] {logging_mixin.py:190} INFO - [2024-12-31T22:09:16.383+0000] {dagbag.py:588} INFO - Filling up the DagBag from /opt/airflow/dags/fistdag.py
[2024-12-31T22:09:16.409+0000] {processor.py:925} INFO - DAG(s) 'our_first_dag_v5' retrieved from /opt/airflow/dags/fistdag.py
[2024-12-31T22:09:16.432+0000] {logging_mixin.py:190} INFO - [2024-12-31T22:09:16.432+0000] {dag.py:3239} INFO - Sync 1 DAGs
[2024-12-31T22:09:16.629+0000] {logging_mixin.py:190} INFO - [2024-12-31T22:09:16.628+0000] {dag.py:4180} INFO - Setting next_dagrun for our_first_dag_v5 to 2021-07-30 00:00:00+00:00, run_after=2021-07-31 00:00:00+00:00
[2024-12-31T22:09:16.648+0000] {processor.py:208} INFO - Processing /opt/airflow/dags/fistdag.py took 0.275 seconds
[2024-12-31T22:09:47.595+0000] {processor.py:186} INFO - Started process (PID=3482) to work on /opt/airflow/dags/fistdag.py
[2024-12-31T22:09:47.597+0000] {processor.py:914} INFO - Processing file /opt/airflow/dags/fistdag.py for tasks to queue
[2024-12-31T22:09:47.599+0000] {logging_mixin.py:190} INFO - [2024-12-31T22:09:47.598+0000] {dagbag.py:588} INFO - Filling up the DagBag from /opt/airflow/dags/fistdag.py
[2024-12-31T22:09:47.627+0000] {processor.py:925} INFO - DAG(s) 'our_first_dag_v5' retrieved from /opt/airflow/dags/fistdag.py
[2024-12-31T22:09:47.651+0000] {logging_mixin.py:190} INFO - [2024-12-31T22:09:47.650+0000] {dag.py:3239} INFO - Sync 1 DAGs
[2024-12-31T22:09:47.678+0000] {logging_mixin.py:190} INFO - [2024-12-31T22:09:47.678+0000] {dag.py:4180} INFO - Setting next_dagrun for our_first_dag_v5 to 2021-07-30 00:00:00+00:00, run_after=2021-07-31 00:00:00+00:00
[2024-12-31T22:09:47.704+0000] {processor.py:208} INFO - Processing /opt/airflow/dags/fistdag.py took 0.120 seconds
[2024-12-31T22:10:18.392+0000] {processor.py:186} INFO - Started process (PID=3547) to work on /opt/airflow/dags/fistdag.py
[2024-12-31T22:10:18.394+0000] {processor.py:914} INFO - Processing file /opt/airflow/dags/fistdag.py for tasks to queue
[2024-12-31T22:10:18.397+0000] {logging_mixin.py:190} INFO - [2024-12-31T22:10:18.396+0000] {dagbag.py:588} INFO - Filling up the DagBag from /opt/airflow/dags/fistdag.py
[2024-12-31T22:10:18.437+0000] {processor.py:925} INFO - DAG(s) 'our_first_dag_v5' retrieved from /opt/airflow/dags/fistdag.py
[2024-12-31T22:10:18.468+0000] {logging_mixin.py:190} INFO - [2024-12-31T22:10:18.467+0000] {dag.py:3239} INFO - Sync 1 DAGs
[2024-12-31T22:10:18.509+0000] {logging_mixin.py:190} INFO - [2024-12-31T22:10:18.509+0000] {dag.py:4180} INFO - Setting next_dagrun for our_first_dag_v5 to 2021-07-30 00:00:00+00:00, run_after=2021-07-31 00:00:00+00:00
[2024-12-31T22:10:18.533+0000] {processor.py:208} INFO - Processing /opt/airflow/dags/fistdag.py took 0.150 seconds
[2024-12-31T22:10:49.348+0000] {processor.py:186} INFO - Started process (PID=3612) to work on /opt/airflow/dags/fistdag.py
[2024-12-31T22:10:49.350+0000] {processor.py:914} INFO - Processing file /opt/airflow/dags/fistdag.py for tasks to queue
[2024-12-31T22:10:49.352+0000] {logging_mixin.py:190} INFO - [2024-12-31T22:10:49.351+0000] {dagbag.py:588} INFO - Filling up the DagBag from /opt/airflow/dags/fistdag.py
[2024-12-31T22:10:49.379+0000] {processor.py:925} INFO - DAG(s) 'our_first_dag_v5' retrieved from /opt/airflow/dags/fistdag.py
[2024-12-31T22:10:49.403+0000] {logging_mixin.py:190} INFO - [2024-12-31T22:10:49.403+0000] {dag.py:3239} INFO - Sync 1 DAGs
[2024-12-31T22:10:49.433+0000] {logging_mixin.py:190} INFO - [2024-12-31T22:10:49.433+0000] {dag.py:4180} INFO - Setting next_dagrun for our_first_dag_v5 to 2021-07-30 00:00:00+00:00, run_after=2021-07-31 00:00:00+00:00
[2024-12-31T22:10:49.458+0000] {processor.py:208} INFO - Processing /opt/airflow/dags/fistdag.py took 0.119 seconds
[2024-12-31T22:11:19.932+0000] {processor.py:186} INFO - Started process (PID=3676) to work on /opt/airflow/dags/fistdag.py
[2024-12-31T22:11:19.933+0000] {processor.py:914} INFO - Processing file /opt/airflow/dags/fistdag.py for tasks to queue
[2024-12-31T22:11:19.935+0000] {logging_mixin.py:190} INFO - [2024-12-31T22:11:19.935+0000] {dagbag.py:588} INFO - Filling up the DagBag from /opt/airflow/dags/fistdag.py
[2024-12-31T22:11:19.961+0000] {processor.py:925} INFO - DAG(s) 'our_first_dag_v5' retrieved from /opt/airflow/dags/fistdag.py
[2024-12-31T22:11:19.985+0000] {logging_mixin.py:190} INFO - [2024-12-31T22:11:19.984+0000] {dag.py:3239} INFO - Sync 1 DAGs
[2024-12-31T22:11:20.015+0000] {logging_mixin.py:190} INFO - [2024-12-31T22:11:20.014+0000] {dag.py:4180} INFO - Setting next_dagrun for our_first_dag_v5 to 2021-07-30 00:00:00+00:00, run_after=2021-07-31 00:00:00+00:00
[2024-12-31T22:11:20.038+0000] {processor.py:208} INFO - Processing /opt/airflow/dags/fistdag.py took 0.114 seconds
[2024-12-31T22:11:50.237+0000] {processor.py:186} INFO - Started process (PID=3741) to work on /opt/airflow/dags/fistdag.py
[2024-12-31T22:11:50.238+0000] {processor.py:914} INFO - Processing file /opt/airflow/dags/fistdag.py for tasks to queue
[2024-12-31T22:11:50.240+0000] {logging_mixin.py:190} INFO - [2024-12-31T22:11:50.240+0000] {dagbag.py:588} INFO - Filling up the DagBag from /opt/airflow/dags/fistdag.py
[2024-12-31T22:11:50.269+0000] {processor.py:925} INFO - DAG(s) 'our_first_dag_v5' retrieved from /opt/airflow/dags/fistdag.py
[2024-12-31T22:11:50.292+0000] {logging_mixin.py:190} INFO - [2024-12-31T22:11:50.292+0000] {dag.py:3239} INFO - Sync 1 DAGs
[2024-12-31T22:11:50.320+0000] {logging_mixin.py:190} INFO - [2024-12-31T22:11:50.320+0000] {dag.py:4180} INFO - Setting next_dagrun for our_first_dag_v5 to 2021-07-30 00:00:00+00:00, run_after=2021-07-31 00:00:00+00:00
[2024-12-31T22:11:50.348+0000] {processor.py:208} INFO - Processing /opt/airflow/dags/fistdag.py took 0.118 seconds
[2024-12-31T22:12:22.563+0000] {processor.py:186} INFO - Started process (PID=3793) to work on /opt/airflow/dags/fistdag.py
[2024-12-31T22:12:22.565+0000] {processor.py:914} INFO - Processing file /opt/airflow/dags/fistdag.py for tasks to queue
[2024-12-31T22:12:22.566+0000] {logging_mixin.py:190} INFO - [2024-12-31T22:12:22.566+0000] {dagbag.py:588} INFO - Filling up the DagBag from /opt/airflow/dags/fistdag.py
[2024-12-31T22:12:22.595+0000] {processor.py:925} INFO - DAG(s) 'our_first_dag_v5' retrieved from /opt/airflow/dags/fistdag.py
[2024-12-31T22:12:22.621+0000] {logging_mixin.py:190} INFO - [2024-12-31T22:12:22.621+0000] {dag.py:3239} INFO - Sync 1 DAGs
[2024-12-31T22:12:22.658+0000] {logging_mixin.py:190} INFO - [2024-12-31T22:12:22.658+0000] {dag.py:4180} INFO - Setting next_dagrun for our_first_dag_v5 to 2021-07-30 00:00:00+00:00, run_after=2021-07-31 00:00:00+00:00
[2024-12-31T22:12:22.691+0000] {processor.py:208} INFO - Processing /opt/airflow/dags/fistdag.py took 0.135 seconds
[2024-12-31T22:12:52.998+0000] {processor.py:186} INFO - Started process (PID=3855) to work on /opt/airflow/dags/fistdag.py
[2024-12-31T22:12:52.999+0000] {processor.py:914} INFO - Processing file /opt/airflow/dags/fistdag.py for tasks to queue
[2024-12-31T22:12:53.001+0000] {logging_mixin.py:190} INFO - [2024-12-31T22:12:53.001+0000] {dagbag.py:588} INFO - Filling up the DagBag from /opt/airflow/dags/fistdag.py
[2024-12-31T22:12:53.033+0000] {processor.py:925} INFO - DAG(s) 'our_first_dag_v5' retrieved from /opt/airflow/dags/fistdag.py
[2024-12-31T22:12:53.060+0000] {logging_mixin.py:190} INFO - [2024-12-31T22:12:53.059+0000] {dag.py:3239} INFO - Sync 1 DAGs
[2024-12-31T22:12:53.093+0000] {logging_mixin.py:190} INFO - [2024-12-31T22:12:53.093+0000] {dag.py:4180} INFO - Setting next_dagrun for our_first_dag_v5 to 2021-07-30 00:00:00+00:00, run_after=2021-07-31 00:00:00+00:00
[2024-12-31T22:12:53.117+0000] {processor.py:208} INFO - Processing /opt/airflow/dags/fistdag.py took 0.128 seconds
[2024-12-31T22:13:23.760+0000] {processor.py:186} INFO - Started process (PID=3907) to work on /opt/airflow/dags/fistdag.py
[2024-12-31T22:13:23.762+0000] {processor.py:914} INFO - Processing file /opt/airflow/dags/fistdag.py for tasks to queue
[2024-12-31T22:13:23.764+0000] {logging_mixin.py:190} INFO - [2024-12-31T22:13:23.763+0000] {dagbag.py:588} INFO - Filling up the DagBag from /opt/airflow/dags/fistdag.py
[2024-12-31T22:13:23.800+0000] {processor.py:925} INFO - DAG(s) 'our_first_dag_v5' retrieved from /opt/airflow/dags/fistdag.py
[2024-12-31T22:13:23.831+0000] {logging_mixin.py:190} INFO - [2024-12-31T22:13:23.830+0000] {dag.py:3239} INFO - Sync 1 DAGs
[2024-12-31T22:13:23.869+0000] {logging_mixin.py:190} INFO - [2024-12-31T22:13:23.868+0000] {dag.py:4180} INFO - Setting next_dagrun for our_first_dag_v5 to 2021-07-30 00:00:00+00:00, run_after=2021-07-31 00:00:00+00:00
[2024-12-31T22:13:23.898+0000] {processor.py:208} INFO - Processing /opt/airflow/dags/fistdag.py took 0.148 seconds
[2024-12-31T22:13:56.111+0000] {processor.py:186} INFO - Started process (PID=3969) to work on /opt/airflow/dags/fistdag.py
[2024-12-31T22:13:56.112+0000] {processor.py:914} INFO - Processing file /opt/airflow/dags/fistdag.py for tasks to queue
[2024-12-31T22:13:56.114+0000] {logging_mixin.py:190} INFO - [2024-12-31T22:13:56.113+0000] {dagbag.py:588} INFO - Filling up the DagBag from /opt/airflow/dags/fistdag.py
[2024-12-31T22:13:56.135+0000] {processor.py:925} INFO - DAG(s) 'our_first_dag_v5' retrieved from /opt/airflow/dags/fistdag.py
[2024-12-31T22:13:56.160+0000] {logging_mixin.py:190} INFO - [2024-12-31T22:13:56.160+0000] {dag.py:3239} INFO - Sync 1 DAGs
[2024-12-31T22:13:56.190+0000] {logging_mixin.py:190} INFO - [2024-12-31T22:13:56.190+0000] {dag.py:4180} INFO - Setting next_dagrun for our_first_dag_v5 to 2021-07-30 00:00:00+00:00, run_after=2021-07-31 00:00:00+00:00
[2024-12-31T22:13:56.217+0000] {processor.py:208} INFO - Processing /opt/airflow/dags/fistdag.py took 0.113 seconds
[2024-12-31T22:14:27.985+0000] {processor.py:186} INFO - Started process (PID=4027) to work on /opt/airflow/dags/fistdag.py
[2024-12-31T22:14:27.986+0000] {processor.py:914} INFO - Processing file /opt/airflow/dags/fistdag.py for tasks to queue
[2024-12-31T22:14:27.992+0000] {logging_mixin.py:190} INFO - [2024-12-31T22:14:27.992+0000] {dagbag.py:588} INFO - Filling up the DagBag from /opt/airflow/dags/fistdag.py
[2024-12-31T22:14:28.039+0000] {processor.py:925} INFO - DAG(s) 'our_first_dag_v5' retrieved from /opt/airflow/dags/fistdag.py
[2024-12-31T22:14:28.075+0000] {logging_mixin.py:190} INFO - [2024-12-31T22:14:28.075+0000] {dag.py:3239} INFO - Sync 1 DAGs
[2024-12-31T22:14:28.122+0000] {logging_mixin.py:190} INFO - [2024-12-31T22:14:28.121+0000] {dag.py:4180} INFO - Setting next_dagrun for our_first_dag_v5 to 2021-07-30 00:00:00+00:00, run_after=2021-07-31 00:00:00+00:00
[2024-12-31T22:14:28.153+0000] {processor.py:208} INFO - Processing /opt/airflow/dags/fistdag.py took 0.181 seconds
[2024-12-31T22:14:58.316+0000] {processor.py:186} INFO - Started process (PID=4068) to work on /opt/airflow/dags/fistdag.py
[2024-12-31T22:14:58.317+0000] {processor.py:914} INFO - Processing file /opt/airflow/dags/fistdag.py for tasks to queue
[2024-12-31T22:14:58.320+0000] {logging_mixin.py:190} INFO - [2024-12-31T22:14:58.319+0000] {dagbag.py:588} INFO - Filling up the DagBag from /opt/airflow/dags/fistdag.py
[2024-12-31T22:14:58.350+0000] {processor.py:925} INFO - DAG(s) 'our_first_dag_v5' retrieved from /opt/airflow/dags/fistdag.py
[2024-12-31T22:14:58.376+0000] {logging_mixin.py:190} INFO - [2024-12-31T22:14:58.375+0000] {dag.py:3239} INFO - Sync 1 DAGs
[2024-12-31T22:14:58.407+0000] {logging_mixin.py:190} INFO - [2024-12-31T22:14:58.406+0000] {dag.py:4180} INFO - Setting next_dagrun for our_first_dag_v5 to 2021-07-30 00:00:00+00:00, run_after=2021-07-31 00:00:00+00:00
[2024-12-31T22:14:58.432+0000] {processor.py:208} INFO - Processing /opt/airflow/dags/fistdag.py took 0.126 seconds
[2024-12-31T22:15:30.772+0000] {processor.py:186} INFO - Started process (PID=4133) to work on /opt/airflow/dags/fistdag.py
[2024-12-31T22:15:30.774+0000] {processor.py:914} INFO - Processing file /opt/airflow/dags/fistdag.py for tasks to queue
[2024-12-31T22:15:30.776+0000] {logging_mixin.py:190} INFO - [2024-12-31T22:15:30.775+0000] {dagbag.py:588} INFO - Filling up the DagBag from /opt/airflow/dags/fistdag.py
[2024-12-31T22:15:30.803+0000] {processor.py:925} INFO - DAG(s) 'our_first_dag_v5' retrieved from /opt/airflow/dags/fistdag.py
[2024-12-31T22:15:30.831+0000] {logging_mixin.py:190} INFO - [2024-12-31T22:15:30.830+0000] {dag.py:3239} INFO - Sync 1 DAGs
[2024-12-31T22:15:30.872+0000] {logging_mixin.py:190} INFO - [2024-12-31T22:15:30.872+0000] {dag.py:4180} INFO - Setting next_dagrun for our_first_dag_v5 to 2021-07-30 00:00:00+00:00, run_after=2021-07-31 00:00:00+00:00
[2024-12-31T22:15:30.905+0000] {processor.py:208} INFO - Processing /opt/airflow/dags/fistdag.py took 0.146 seconds
[2024-12-31T22:16:03.162+0000] {processor.py:186} INFO - Started process (PID=4198) to work on /opt/airflow/dags/fistdag.py
[2024-12-31T22:16:03.163+0000] {processor.py:914} INFO - Processing file /opt/airflow/dags/fistdag.py for tasks to queue
[2024-12-31T22:16:03.166+0000] {logging_mixin.py:190} INFO - [2024-12-31T22:16:03.165+0000] {dagbag.py:588} INFO - Filling up the DagBag from /opt/airflow/dags/fistdag.py
[2024-12-31T22:16:03.191+0000] {processor.py:925} INFO - DAG(s) 'our_first_dag_v5' retrieved from /opt/airflow/dags/fistdag.py
[2024-12-31T22:16:03.216+0000] {logging_mixin.py:190} INFO - [2024-12-31T22:16:03.216+0000] {dag.py:3239} INFO - Sync 1 DAGs
[2024-12-31T22:16:03.243+0000] {logging_mixin.py:190} INFO - [2024-12-31T22:16:03.243+0000] {dag.py:4180} INFO - Setting next_dagrun for our_first_dag_v5 to 2021-07-30 00:00:00+00:00, run_after=2021-07-31 00:00:00+00:00
[2024-12-31T22:16:03.272+0000] {processor.py:208} INFO - Processing /opt/airflow/dags/fistdag.py took 0.120 seconds
[2024-12-31T22:16:36.154+0000] {processor.py:186} INFO - Started process (PID=4264) to work on /opt/airflow/dags/fistdag.py
[2024-12-31T22:16:36.156+0000] {processor.py:914} INFO - Processing file /opt/airflow/dags/fistdag.py for tasks to queue
[2024-12-31T22:16:36.158+0000] {logging_mixin.py:190} INFO - [2024-12-31T22:16:36.158+0000] {dagbag.py:588} INFO - Filling up the DagBag from /opt/airflow/dags/fistdag.py
[2024-12-31T22:16:36.190+0000] {processor.py:925} INFO - DAG(s) 'our_first_dag_v5' retrieved from /opt/airflow/dags/fistdag.py
[2024-12-31T22:16:36.218+0000] {logging_mixin.py:190} INFO - [2024-12-31T22:16:36.218+0000] {dag.py:3239} INFO - Sync 1 DAGs
[2024-12-31T22:16:36.247+0000] {logging_mixin.py:190} INFO - [2024-12-31T22:16:36.247+0000] {dag.py:4180} INFO - Setting next_dagrun for our_first_dag_v5 to 2021-07-30 00:00:00+00:00, run_after=2021-07-31 00:00:00+00:00
[2024-12-31T22:16:36.271+0000] {processor.py:208} INFO - Processing /opt/airflow/dags/fistdag.py took 0.129 seconds
[2024-12-31T22:18:27.434+0000] {processor.py:186} INFO - Started process (PID=71) to work on /opt/airflow/dags/fistdag.py
[2024-12-31T22:18:27.435+0000] {processor.py:914} INFO - Processing file /opt/airflow/dags/fistdag.py for tasks to queue
[2024-12-31T22:18:27.439+0000] {logging_mixin.py:190} INFO - [2024-12-31T22:18:27.439+0000] {dagbag.py:588} INFO - Filling up the DagBag from /opt/airflow/dags/fistdag.py
[2024-12-31T22:18:27.481+0000] {processor.py:925} INFO - DAG(s) 'our_first_dag_v5' retrieved from /opt/airflow/dags/fistdag.py
[2024-12-31T22:18:27.542+0000] {logging_mixin.py:190} INFO - [2024-12-31T22:18:27.542+0000] {dag.py:3239} INFO - Sync 1 DAGs
[2024-12-31T22:18:27.576+0000] {logging_mixin.py:190} INFO - [2024-12-31T22:18:27.575+0000] {dag.py:4180} INFO - Setting next_dagrun for our_first_dag_v5 to 2021-07-30 00:00:00+00:00, run_after=2021-07-31 00:00:00+00:00
[2024-12-31T22:18:27.602+0000] {processor.py:208} INFO - Processing /opt/airflow/dags/fistdag.py took 0.176 seconds
[2024-12-31T22:18:58.501+0000] {processor.py:186} INFO - Started process (PID=136) to work on /opt/airflow/dags/fistdag.py
[2024-12-31T22:18:58.502+0000] {processor.py:914} INFO - Processing file /opt/airflow/dags/fistdag.py for tasks to queue
[2024-12-31T22:18:58.506+0000] {logging_mixin.py:190} INFO - [2024-12-31T22:18:58.505+0000] {dagbag.py:588} INFO - Filling up the DagBag from /opt/airflow/dags/fistdag.py
[2024-12-31T22:18:58.530+0000] {processor.py:925} INFO - DAG(s) 'our_first_dag_v5' retrieved from /opt/airflow/dags/fistdag.py
[2024-12-31T22:18:58.552+0000] {logging_mixin.py:190} INFO - [2024-12-31T22:18:58.552+0000] {dag.py:3239} INFO - Sync 1 DAGs
[2024-12-31T22:18:58.577+0000] {logging_mixin.py:190} INFO - [2024-12-31T22:18:58.577+0000] {dag.py:4180} INFO - Setting next_dagrun for our_first_dag_v5 to 2021-07-30 00:00:00+00:00, run_after=2021-07-31 00:00:00+00:00
[2024-12-31T22:18:58.607+0000] {processor.py:208} INFO - Processing /opt/airflow/dags/fistdag.py took 0.115 seconds
[2024-12-31T22:19:28.846+0000] {processor.py:186} INFO - Started process (PID=201) to work on /opt/airflow/dags/fistdag.py
[2024-12-31T22:19:28.848+0000] {processor.py:914} INFO - Processing file /opt/airflow/dags/fistdag.py for tasks to queue
[2024-12-31T22:19:28.852+0000] {logging_mixin.py:190} INFO - [2024-12-31T22:19:28.851+0000] {dagbag.py:588} INFO - Filling up the DagBag from /opt/airflow/dags/fistdag.py
[2024-12-31T22:19:28.882+0000] {processor.py:925} INFO - DAG(s) 'our_first_dag_v5' retrieved from /opt/airflow/dags/fistdag.py
[2024-12-31T22:19:28.907+0000] {logging_mixin.py:190} INFO - [2024-12-31T22:19:28.907+0000] {dag.py:3239} INFO - Sync 1 DAGs
[2024-12-31T22:19:28.938+0000] {logging_mixin.py:190} INFO - [2024-12-31T22:19:28.938+0000] {dag.py:4180} INFO - Setting next_dagrun for our_first_dag_v5 to 2021-07-30 00:00:00+00:00, run_after=2021-07-31 00:00:00+00:00
[2024-12-31T22:19:28.971+0000] {processor.py:208} INFO - Processing /opt/airflow/dags/fistdag.py took 0.135 seconds
[2024-12-31T22:19:59.813+0000] {processor.py:186} INFO - Started process (PID=267) to work on /opt/airflow/dags/fistdag.py
[2024-12-31T22:19:59.814+0000] {processor.py:914} INFO - Processing file /opt/airflow/dags/fistdag.py for tasks to queue
[2024-12-31T22:19:59.818+0000] {logging_mixin.py:190} INFO - [2024-12-31T22:19:59.817+0000] {dagbag.py:588} INFO - Filling up the DagBag from /opt/airflow/dags/fistdag.py
[2024-12-31T22:19:59.845+0000] {processor.py:925} INFO - DAG(s) 'our_first_dag_v5' retrieved from /opt/airflow/dags/fistdag.py
[2024-12-31T22:19:59.873+0000] {logging_mixin.py:190} INFO - [2024-12-31T22:19:59.873+0000] {dag.py:3239} INFO - Sync 1 DAGs
[2024-12-31T22:19:59.903+0000] {logging_mixin.py:190} INFO - [2024-12-31T22:19:59.903+0000] {dag.py:4180} INFO - Setting next_dagrun for our_first_dag_v5 to 2021-07-30 00:00:00+00:00, run_after=2021-07-31 00:00:00+00:00
[2024-12-31T22:19:59.924+0000] {processor.py:208} INFO - Processing /opt/airflow/dags/fistdag.py took 0.119 seconds
[2024-12-31T22:23:46.719+0000] {processor.py:186} INFO - Started process (PID=69) to work on /opt/airflow/dags/fistdag.py
[2024-12-31T22:23:46.722+0000] {processor.py:914} INFO - Processing file /opt/airflow/dags/fistdag.py for tasks to queue
[2024-12-31T22:23:46.732+0000] {logging_mixin.py:190} INFO - [2024-12-31T22:23:46.730+0000] {dagbag.py:588} INFO - Filling up the DagBag from /opt/airflow/dags/fistdag.py
[2024-12-31T22:23:46.823+0000] {processor.py:925} INFO - DAG(s) 'our_first_dag_v5' retrieved from /opt/airflow/dags/fistdag.py
[2024-12-31T22:23:47.303+0000] {logging_mixin.py:190} INFO - [2024-12-31T22:23:47.302+0000] {override.py:1911} INFO - Created Permission View: can read on DAG:our_first_dag_v5
[2024-12-31T22:23:47.319+0000] {logging_mixin.py:190} INFO - [2024-12-31T22:23:47.319+0000] {override.py:1911} INFO - Created Permission View: can delete on DAG:our_first_dag_v5
[2024-12-31T22:23:47.330+0000] {logging_mixin.py:190} INFO - [2024-12-31T22:23:47.330+0000] {override.py:1911} INFO - Created Permission View: can edit on DAG:our_first_dag_v5
[2024-12-31T22:23:47.343+0000] {logging_mixin.py:190} INFO - [2024-12-31T22:23:47.342+0000] {override.py:1911} INFO - Created Permission View: can read on DAG Run:our_first_dag_v5
[2024-12-31T22:23:47.353+0000] {logging_mixin.py:190} INFO - [2024-12-31T22:23:47.353+0000] {override.py:1911} INFO - Created Permission View: can delete on DAG Run:our_first_dag_v5
[2024-12-31T22:23:47.365+0000] {logging_mixin.py:190} INFO - [2024-12-31T22:23:47.365+0000] {override.py:1911} INFO - Created Permission View: menu access on DAG Run:our_first_dag_v5
[2024-12-31T22:23:47.375+0000] {logging_mixin.py:190} INFO - [2024-12-31T22:23:47.374+0000] {override.py:1911} INFO - Created Permission View: can create on DAG Run:our_first_dag_v5
[2024-12-31T22:23:47.375+0000] {logging_mixin.py:190} INFO - [2024-12-31T22:23:47.375+0000] {dag.py:3239} INFO - Sync 1 DAGs
[2024-12-31T22:23:47.392+0000] {logging_mixin.py:190} INFO - [2024-12-31T22:23:47.392+0000] {dag.py:3262} INFO - Creating ORM DAG for our_first_dag_v5
[2024-12-31T22:23:47.405+0000] {logging_mixin.py:190} INFO - [2024-12-31T22:23:47.405+0000] {dag.py:4180} INFO - Setting next_dagrun for our_first_dag_v5 to 2021-07-30 00:00:00+00:00, run_after=2021-07-31 00:00:00+00:00
[2024-12-31T22:23:47.426+0000] {processor.py:208} INFO - Processing /opt/airflow/dags/fistdag.py took 0.726 seconds
[2024-12-31T22:24:18.363+0000] {processor.py:186} INFO - Started process (PID=77) to work on /opt/airflow/dags/fistdag.py
[2024-12-31T22:24:18.364+0000] {processor.py:914} INFO - Processing file /opt/airflow/dags/fistdag.py for tasks to queue
[2024-12-31T22:24:18.367+0000] {logging_mixin.py:190} INFO - [2024-12-31T22:24:18.367+0000] {dagbag.py:588} INFO - Filling up the DagBag from /opt/airflow/dags/fistdag.py
[2024-12-31T22:24:18.398+0000] {processor.py:925} INFO - DAG(s) 'our_first_dag_v5' retrieved from /opt/airflow/dags/fistdag.py
[2024-12-31T22:24:18.433+0000] {logging_mixin.py:190} INFO - [2024-12-31T22:24:18.432+0000] {dag.py:3239} INFO - Sync 1 DAGs
[2024-12-31T22:24:18.463+0000] {logging_mixin.py:190} INFO - [2024-12-31T22:24:18.463+0000] {dag.py:4180} INFO - Setting next_dagrun for our_first_dag_v5 to 2021-07-30 00:00:00+00:00, run_after=2021-07-31 00:00:00+00:00
[2024-12-31T22:24:18.489+0000] {processor.py:208} INFO - Processing /opt/airflow/dags/fistdag.py took 0.136 seconds
[2024-12-31T22:24:49.252+0000] {processor.py:186} INFO - Started process (PID=85) to work on /opt/airflow/dags/fistdag.py
[2024-12-31T22:24:49.254+0000] {processor.py:914} INFO - Processing file /opt/airflow/dags/fistdag.py for tasks to queue
[2024-12-31T22:24:49.258+0000] {logging_mixin.py:190} INFO - [2024-12-31T22:24:49.258+0000] {dagbag.py:588} INFO - Filling up the DagBag from /opt/airflow/dags/fistdag.py
[2024-12-31T22:24:49.293+0000] {processor.py:925} INFO - DAG(s) 'our_first_dag_v5' retrieved from /opt/airflow/dags/fistdag.py
[2024-12-31T22:24:49.351+0000] {logging_mixin.py:190} INFO - [2024-12-31T22:24:49.351+0000] {dag.py:3239} INFO - Sync 1 DAGs
[2024-12-31T22:24:49.400+0000] {logging_mixin.py:190} INFO - [2024-12-31T22:24:49.400+0000] {dag.py:4180} INFO - Setting next_dagrun for our_first_dag_v5 to 2021-07-30 00:00:00+00:00, run_after=2021-07-31 00:00:00+00:00
[2024-12-31T22:24:49.433+0000] {processor.py:208} INFO - Processing /opt/airflow/dags/fistdag.py took 0.192 seconds
[2024-12-31T22:25:20.438+0000] {processor.py:186} INFO - Started process (PID=87) to work on /opt/airflow/dags/fistdag.py
[2024-12-31T22:25:20.439+0000] {processor.py:914} INFO - Processing file /opt/airflow/dags/fistdag.py for tasks to queue
[2024-12-31T22:25:20.442+0000] {logging_mixin.py:190} INFO - [2024-12-31T22:25:20.442+0000] {dagbag.py:588} INFO - Filling up the DagBag from /opt/airflow/dags/fistdag.py
[2024-12-31T22:25:20.469+0000] {processor.py:925} INFO - DAG(s) 'our_first_dag_v5' retrieved from /opt/airflow/dags/fistdag.py
[2024-12-31T22:25:20.536+0000] {logging_mixin.py:190} INFO - [2024-12-31T22:25:20.536+0000] {dag.py:3239} INFO - Sync 1 DAGs
[2024-12-31T22:25:20.581+0000] {logging_mixin.py:190} INFO - [2024-12-31T22:25:20.581+0000] {dag.py:4180} INFO - Setting next_dagrun for our_first_dag_v5 to 2021-07-30 00:00:00+00:00, run_after=2021-07-31 00:00:00+00:00
[2024-12-31T22:25:20.610+0000] {processor.py:208} INFO - Processing /opt/airflow/dags/fistdag.py took 0.182 seconds
[2024-12-31T22:25:51.623+0000] {processor.py:186} INFO - Started process (PID=95) to work on /opt/airflow/dags/fistdag.py
[2024-12-31T22:25:51.624+0000] {processor.py:914} INFO - Processing file /opt/airflow/dags/fistdag.py for tasks to queue
[2024-12-31T22:25:51.627+0000] {logging_mixin.py:190} INFO - [2024-12-31T22:25:51.626+0000] {dagbag.py:588} INFO - Filling up the DagBag from /opt/airflow/dags/fistdag.py
[2024-12-31T22:25:51.660+0000] {processor.py:925} INFO - DAG(s) 'our_first_dag_v5' retrieved from /opt/airflow/dags/fistdag.py
[2024-12-31T22:25:51.688+0000] {logging_mixin.py:190} INFO - [2024-12-31T22:25:51.688+0000] {dag.py:3239} INFO - Sync 1 DAGs
[2024-12-31T22:25:51.717+0000] {logging_mixin.py:190} INFO - [2024-12-31T22:25:51.717+0000] {dag.py:4180} INFO - Setting next_dagrun for our_first_dag_v5 to 2021-07-30 00:00:00+00:00, run_after=2021-07-31 00:00:00+00:00
[2024-12-31T22:25:51.742+0000] {processor.py:208} INFO - Processing /opt/airflow/dags/fistdag.py took 0.129 seconds
[2024-12-31T22:26:23.602+0000] {processor.py:186} INFO - Started process (PID=103) to work on /opt/airflow/dags/fistdag.py
[2024-12-31T22:26:23.604+0000] {processor.py:914} INFO - Processing file /opt/airflow/dags/fistdag.py for tasks to queue
[2024-12-31T22:26:23.607+0000] {logging_mixin.py:190} INFO - [2024-12-31T22:26:23.606+0000] {dagbag.py:588} INFO - Filling up the DagBag from /opt/airflow/dags/fistdag.py
[2024-12-31T22:26:23.637+0000] {processor.py:925} INFO - DAG(s) 'our_first_dag_v5' retrieved from /opt/airflow/dags/fistdag.py
[2024-12-31T22:26:23.668+0000] {logging_mixin.py:190} INFO - [2024-12-31T22:26:23.668+0000] {dag.py:3239} INFO - Sync 1 DAGs
[2024-12-31T22:26:23.699+0000] {logging_mixin.py:190} INFO - [2024-12-31T22:26:23.699+0000] {dag.py:4180} INFO - Setting next_dagrun for our_first_dag_v5 to 2021-07-30 00:00:00+00:00, run_after=2021-07-31 00:00:00+00:00
[2024-12-31T22:26:23.728+0000] {processor.py:208} INFO - Processing /opt/airflow/dags/fistdag.py took 0.136 seconds
[2024-12-31T22:26:54.153+0000] {processor.py:186} INFO - Started process (PID=111) to work on /opt/airflow/dags/fistdag.py
[2024-12-31T22:26:54.155+0000] {processor.py:914} INFO - Processing file /opt/airflow/dags/fistdag.py for tasks to queue
[2024-12-31T22:26:54.158+0000] {logging_mixin.py:190} INFO - [2024-12-31T22:26:54.158+0000] {dagbag.py:588} INFO - Filling up the DagBag from /opt/airflow/dags/fistdag.py
[2024-12-31T22:26:54.199+0000] {processor.py:925} INFO - DAG(s) 'our_first_dag_v5' retrieved from /opt/airflow/dags/fistdag.py
[2024-12-31T22:26:54.245+0000] {logging_mixin.py:190} INFO - [2024-12-31T22:26:54.245+0000] {dag.py:3239} INFO - Sync 1 DAGs
[2024-12-31T22:26:54.297+0000] {logging_mixin.py:190} INFO - [2024-12-31T22:26:54.297+0000] {dag.py:4180} INFO - Setting next_dagrun for our_first_dag_v5 to 2021-07-30 00:00:00+00:00, run_after=2021-07-31 00:00:00+00:00
[2024-12-31T22:26:54.333+0000] {processor.py:208} INFO - Processing /opt/airflow/dags/fistdag.py took 0.191 seconds
[2024-12-31T22:27:25.202+0000] {processor.py:186} INFO - Started process (PID=123) to work on /opt/airflow/dags/fistdag.py
[2024-12-31T22:27:25.204+0000] {processor.py:914} INFO - Processing file /opt/airflow/dags/fistdag.py for tasks to queue
[2024-12-31T22:27:25.209+0000] {logging_mixin.py:190} INFO - [2024-12-31T22:27:25.208+0000] {dagbag.py:588} INFO - Filling up the DagBag from /opt/airflow/dags/fistdag.py
[2024-12-31T22:27:25.277+0000] {processor.py:925} INFO - DAG(s) 'our_first_dag_v5' retrieved from /opt/airflow/dags/fistdag.py
[2024-12-31T22:27:25.337+0000] {logging_mixin.py:190} INFO - [2024-12-31T22:27:25.337+0000] {dag.py:3239} INFO - Sync 1 DAGs
[2024-12-31T22:27:25.412+0000] {logging_mixin.py:190} INFO - [2024-12-31T22:27:25.411+0000] {dag.py:4180} INFO - Setting next_dagrun for our_first_dag_v5 to 2021-07-30 00:00:00+00:00, run_after=2021-07-31 00:00:00+00:00
[2024-12-31T22:27:25.484+0000] {processor.py:208} INFO - Processing /opt/airflow/dags/fistdag.py took 0.307 seconds
[2024-12-31T22:27:56.217+0000] {processor.py:186} INFO - Started process (PID=130) to work on /opt/airflow/dags/fistdag.py
[2024-12-31T22:27:56.219+0000] {processor.py:914} INFO - Processing file /opt/airflow/dags/fistdag.py for tasks to queue
[2024-12-31T22:27:56.222+0000] {logging_mixin.py:190} INFO - [2024-12-31T22:27:56.222+0000] {dagbag.py:588} INFO - Filling up the DagBag from /opt/airflow/dags/fistdag.py
[2024-12-31T22:27:56.252+0000] {processor.py:925} INFO - DAG(s) 'our_first_dag_v5' retrieved from /opt/airflow/dags/fistdag.py
[2024-12-31T22:27:56.300+0000] {logging_mixin.py:190} INFO - [2024-12-31T22:27:56.300+0000] {dag.py:3239} INFO - Sync 1 DAGs
[2024-12-31T22:27:56.349+0000] {logging_mixin.py:190} INFO - [2024-12-31T22:27:56.349+0000] {dag.py:4180} INFO - Setting next_dagrun for our_first_dag_v5 to 2021-07-30 00:00:00+00:00, run_after=2021-07-31 00:00:00+00:00
[2024-12-31T22:27:56.625+0000] {processor.py:208} INFO - Processing /opt/airflow/dags/fistdag.py took 0.416 seconds
[2024-12-31T22:28:26.808+0000] {processor.py:186} INFO - Started process (PID=139) to work on /opt/airflow/dags/fistdag.py
[2024-12-31T22:28:26.810+0000] {processor.py:914} INFO - Processing file /opt/airflow/dags/fistdag.py for tasks to queue
[2024-12-31T22:28:26.813+0000] {logging_mixin.py:190} INFO - [2024-12-31T22:28:26.813+0000] {dagbag.py:588} INFO - Filling up the DagBag from /opt/airflow/dags/fistdag.py
[2024-12-31T22:28:26.854+0000] {processor.py:925} INFO - DAG(s) 'our_first_dag_v5' retrieved from /opt/airflow/dags/fistdag.py
[2024-12-31T22:28:26.898+0000] {logging_mixin.py:190} INFO - [2024-12-31T22:28:26.898+0000] {dag.py:3239} INFO - Sync 1 DAGs
[2024-12-31T22:28:27.117+0000] {logging_mixin.py:190} INFO - [2024-12-31T22:28:27.117+0000] {dag.py:4180} INFO - Setting next_dagrun for our_first_dag_v5 to 2021-07-30 00:00:00+00:00, run_after=2021-07-31 00:00:00+00:00
[2024-12-31T22:28:27.141+0000] {processor.py:208} INFO - Processing /opt/airflow/dags/fistdag.py took 0.343 seconds
[2024-12-31T22:28:57.720+0000] {processor.py:186} INFO - Started process (PID=148) to work on /opt/airflow/dags/fistdag.py
[2024-12-31T22:28:57.722+0000] {processor.py:914} INFO - Processing file /opt/airflow/dags/fistdag.py for tasks to queue
[2024-12-31T22:28:57.725+0000] {logging_mixin.py:190} INFO - [2024-12-31T22:28:57.725+0000] {dagbag.py:588} INFO - Filling up the DagBag from /opt/airflow/dags/fistdag.py
[2024-12-31T22:28:57.760+0000] {processor.py:925} INFO - DAG(s) 'our_first_dag_v5' retrieved from /opt/airflow/dags/fistdag.py
[2024-12-31T22:28:57.816+0000] {logging_mixin.py:190} INFO - [2024-12-31T22:28:57.816+0000] {dag.py:3239} INFO - Sync 1 DAGs
[2024-12-31T22:28:58.009+0000] {logging_mixin.py:190} INFO - [2024-12-31T22:28:58.009+0000] {dag.py:4180} INFO - Setting next_dagrun for our_first_dag_v5 to 2021-07-30 00:00:00+00:00, run_after=2021-07-31 00:00:00+00:00
[2024-12-31T22:28:58.041+0000] {processor.py:208} INFO - Processing /opt/airflow/dags/fistdag.py took 0.336 seconds
[2024-12-31T22:29:28.162+0000] {processor.py:186} INFO - Started process (PID=157) to work on /opt/airflow/dags/fistdag.py
[2024-12-31T22:29:28.163+0000] {processor.py:914} INFO - Processing file /opt/airflow/dags/fistdag.py for tasks to queue
[2024-12-31T22:29:28.166+0000] {logging_mixin.py:190} INFO - [2024-12-31T22:29:28.166+0000] {dagbag.py:588} INFO - Filling up the DagBag from /opt/airflow/dags/fistdag.py
[2024-12-31T22:29:28.199+0000] {processor.py:925} INFO - DAG(s) 'our_first_dag_v5' retrieved from /opt/airflow/dags/fistdag.py
[2024-12-31T22:29:28.473+0000] {logging_mixin.py:190} INFO - [2024-12-31T22:29:28.473+0000] {dag.py:3239} INFO - Sync 1 DAGs
[2024-12-31T22:29:28.502+0000] {logging_mixin.py:190} INFO - [2024-12-31T22:29:28.501+0000] {dag.py:4180} INFO - Setting next_dagrun for our_first_dag_v5 to 2021-07-30 00:00:00+00:00, run_after=2021-07-31 00:00:00+00:00
[2024-12-31T22:29:28.524+0000] {processor.py:208} INFO - Processing /opt/airflow/dags/fistdag.py took 0.372 seconds
[2024-12-31T22:29:59.004+0000] {processor.py:186} INFO - Started process (PID=187) to work on /opt/airflow/dags/fistdag.py
[2024-12-31T22:29:59.017+0000] {processor.py:914} INFO - Processing file /opt/airflow/dags/fistdag.py for tasks to queue
[2024-12-31T22:29:59.029+0000] {logging_mixin.py:190} INFO - [2024-12-31T22:29:59.028+0000] {dagbag.py:588} INFO - Filling up the DagBag from /opt/airflow/dags/fistdag.py
[2024-12-31T22:30:00.164+0000] {processor.py:925} INFO - DAG(s) 'our_first_dag_v5' retrieved from /opt/airflow/dags/fistdag.py
[2024-12-31T22:30:00.338+0000] {logging_mixin.py:190} INFO - [2024-12-31T22:30:00.337+0000] {dag.py:3239} INFO - Sync 1 DAGs
[2024-12-31T22:30:00.444+0000] {logging_mixin.py:190} INFO - [2024-12-31T22:30:00.443+0000] {dag.py:4180} INFO - Setting next_dagrun for our_first_dag_v5 to 2021-07-30 00:00:00+00:00, run_after=2021-07-31 00:00:00+00:00
[2024-12-31T22:30:00.527+0000] {processor.py:208} INFO - Processing /opt/airflow/dags/fistdag.py took 1.541 seconds
[2024-12-31T22:30:30.762+0000] {processor.py:186} INFO - Started process (PID=271) to work on /opt/airflow/dags/fistdag.py
[2024-12-31T22:30:30.775+0000] {processor.py:914} INFO - Processing file /opt/airflow/dags/fistdag.py for tasks to queue
[2024-12-31T22:30:30.782+0000] {logging_mixin.py:190} INFO - [2024-12-31T22:30:30.781+0000] {dagbag.py:588} INFO - Filling up the DagBag from /opt/airflow/dags/fistdag.py
[2024-12-31T22:30:30.877+0000] {processor.py:925} INFO - DAG(s) 'our_first_dag_v5' retrieved from /opt/airflow/dags/fistdag.py
[2024-12-31T22:30:30.978+0000] {logging_mixin.py:190} INFO - [2024-12-31T22:30:30.978+0000] {dag.py:3239} INFO - Sync 1 DAGs
[2024-12-31T22:30:31.070+0000] {logging_mixin.py:190} INFO - [2024-12-31T22:30:31.070+0000] {dag.py:4180} INFO - Setting next_dagrun for our_first_dag_v5 to 2021-07-30 00:00:00+00:00, run_after=2021-07-31 00:00:00+00:00
[2024-12-31T22:30:31.142+0000] {processor.py:208} INFO - Processing /opt/airflow/dags/fistdag.py took 0.411 seconds
[2024-12-31T22:31:01.735+0000] {processor.py:186} INFO - Started process (PID=346) to work on /opt/airflow/dags/fistdag.py
[2024-12-31T22:31:01.737+0000] {processor.py:914} INFO - Processing file /opt/airflow/dags/fistdag.py for tasks to queue
[2024-12-31T22:31:01.741+0000] {logging_mixin.py:190} INFO - [2024-12-31T22:31:01.740+0000] {dagbag.py:588} INFO - Filling up the DagBag from /opt/airflow/dags/fistdag.py
[2024-12-31T22:31:01.776+0000] {processor.py:925} INFO - DAG(s) 'our_first_dag_v5' retrieved from /opt/airflow/dags/fistdag.py
[2024-12-31T22:31:01.819+0000] {logging_mixin.py:190} INFO - [2024-12-31T22:31:01.819+0000] {dag.py:3239} INFO - Sync 1 DAGs
[2024-12-31T22:31:01.865+0000] {logging_mixin.py:190} INFO - [2024-12-31T22:31:01.864+0000] {dag.py:4180} INFO - Setting next_dagrun for our_first_dag_v5 to 2021-07-30 00:00:00+00:00, run_after=2021-07-31 00:00:00+00:00
[2024-12-31T22:31:01.899+0000] {processor.py:208} INFO - Processing /opt/airflow/dags/fistdag.py took 0.176 seconds
[2024-12-31T22:31:32.012+0000] {processor.py:186} INFO - Started process (PID=355) to work on /opt/airflow/dags/fistdag.py
[2024-12-31T22:31:32.014+0000] {processor.py:914} INFO - Processing file /opt/airflow/dags/fistdag.py for tasks to queue
[2024-12-31T22:31:32.017+0000] {logging_mixin.py:190} INFO - [2024-12-31T22:31:32.016+0000] {dagbag.py:588} INFO - Filling up the DagBag from /opt/airflow/dags/fistdag.py
[2024-12-31T22:31:32.077+0000] {processor.py:925} INFO - DAG(s) 'our_first_dag_v5' retrieved from /opt/airflow/dags/fistdag.py
[2024-12-31T22:31:32.123+0000] {logging_mixin.py:190} INFO - [2024-12-31T22:31:32.123+0000] {dag.py:3239} INFO - Sync 1 DAGs
[2024-12-31T22:31:32.156+0000] {logging_mixin.py:190} INFO - [2024-12-31T22:31:32.156+0000] {dag.py:4180} INFO - Setting next_dagrun for our_first_dag_v5 to 2021-07-30 00:00:00+00:00, run_after=2021-07-31 00:00:00+00:00
[2024-12-31T22:31:32.183+0000] {processor.py:208} INFO - Processing /opt/airflow/dags/fistdag.py took 0.185 seconds
[2024-12-31T22:32:02.276+0000] {processor.py:186} INFO - Started process (PID=364) to work on /opt/airflow/dags/fistdag.py
[2024-12-31T22:32:02.277+0000] {processor.py:914} INFO - Processing file /opt/airflow/dags/fistdag.py for tasks to queue
[2024-12-31T22:32:02.280+0000] {logging_mixin.py:190} INFO - [2024-12-31T22:32:02.280+0000] {dagbag.py:588} INFO - Filling up the DagBag from /opt/airflow/dags/fistdag.py
[2024-12-31T22:32:02.317+0000] {processor.py:925} INFO - DAG(s) 'our_first_dag_v5' retrieved from /opt/airflow/dags/fistdag.py
[2024-12-31T22:32:02.350+0000] {logging_mixin.py:190} INFO - [2024-12-31T22:32:02.349+0000] {dag.py:3239} INFO - Sync 1 DAGs
[2024-12-31T22:32:02.381+0000] {logging_mixin.py:190} INFO - [2024-12-31T22:32:02.381+0000] {dag.py:4180} INFO - Setting next_dagrun for our_first_dag_v5 to 2021-07-30 00:00:00+00:00, run_after=2021-07-31 00:00:00+00:00
[2024-12-31T22:32:02.410+0000] {processor.py:208} INFO - Processing /opt/airflow/dags/fistdag.py took 0.146 seconds
[2024-12-31T22:32:33.374+0000] {processor.py:186} INFO - Started process (PID=427) to work on /opt/airflow/dags/fistdag.py
[2024-12-31T22:32:33.381+0000] {processor.py:914} INFO - Processing file /opt/airflow/dags/fistdag.py for tasks to queue
[2024-12-31T22:32:33.404+0000] {logging_mixin.py:190} INFO - [2024-12-31T22:32:33.403+0000] {dagbag.py:588} INFO - Filling up the DagBag from /opt/airflow/dags/fistdag.py
[2024-12-31T22:32:33.466+0000] {processor.py:925} INFO - DAG(s) 'our_first_dag_v5' retrieved from /opt/airflow/dags/fistdag.py
[2024-12-31T22:32:33.560+0000] {logging_mixin.py:190} INFO - [2024-12-31T22:32:33.560+0000] {dag.py:3239} INFO - Sync 1 DAGs
[2024-12-31T22:32:33.641+0000] {logging_mixin.py:190} INFO - [2024-12-31T22:32:33.639+0000] {dag.py:4180} INFO - Setting next_dagrun for our_first_dag_v5 to 2021-08-13 00:00:00+00:00, run_after=2021-08-14 00:00:00+00:00
[2024-12-31T22:32:33.696+0000] {processor.py:208} INFO - Processing /opt/airflow/dags/fistdag.py took 0.354 seconds
[2024-12-31T22:33:04.696+0000] {processor.py:186} INFO - Started process (PID=528) to work on /opt/airflow/dags/fistdag.py
[2024-12-31T22:33:04.710+0000] {processor.py:914} INFO - Processing file /opt/airflow/dags/fistdag.py for tasks to queue
[2024-12-31T22:33:04.740+0000] {logging_mixin.py:190} INFO - [2024-12-31T22:33:04.739+0000] {dagbag.py:588} INFO - Filling up the DagBag from /opt/airflow/dags/fistdag.py
[2024-12-31T22:33:05.545+0000] {processor.py:925} INFO - DAG(s) 'our_first_dag_v5' retrieved from /opt/airflow/dags/fistdag.py
[2024-12-31T22:33:05.853+0000] {logging_mixin.py:190} INFO - [2024-12-31T22:33:05.852+0000] {dag.py:3239} INFO - Sync 1 DAGs
[2024-12-31T22:33:06.088+0000] {logging_mixin.py:190} INFO - [2024-12-31T22:33:06.088+0000] {dag.py:4180} INFO - Setting next_dagrun for our_first_dag_v5 to 2021-09-12 00:00:00+00:00, run_after=2021-09-13 00:00:00+00:00
[2024-12-31T22:33:06.279+0000] {processor.py:208} INFO - Processing /opt/airflow/dags/fistdag.py took 1.625 seconds
[2024-12-31T22:33:36.565+0000] {processor.py:186} INFO - Started process (PID=605) to work on /opt/airflow/dags/fistdag.py
[2024-12-31T22:33:36.570+0000] {processor.py:914} INFO - Processing file /opt/airflow/dags/fistdag.py for tasks to queue
[2024-12-31T22:33:36.577+0000] {logging_mixin.py:190} INFO - [2024-12-31T22:33:36.577+0000] {dagbag.py:588} INFO - Filling up the DagBag from /opt/airflow/dags/fistdag.py
[2024-12-31T22:33:36.683+0000] {processor.py:925} INFO - DAG(s) 'our_first_dag_v5' retrieved from /opt/airflow/dags/fistdag.py
[2024-12-31T22:33:36.757+0000] {logging_mixin.py:190} INFO - [2024-12-31T22:33:36.756+0000] {dag.py:3239} INFO - Sync 1 DAGs
[2024-12-31T22:33:36.906+0000] {logging_mixin.py:190} INFO - [2024-12-31T22:33:36.906+0000] {dag.py:4180} INFO - Setting next_dagrun for our_first_dag_v5 to 2021-10-06 00:00:00+00:00, run_after=2021-10-07 00:00:00+00:00
[2024-12-31T22:33:37.016+0000] {processor.py:208} INFO - Processing /opt/airflow/dags/fistdag.py took 0.469 seconds
[2024-12-31T22:34:07.743+0000] {processor.py:186} INFO - Started process (PID=698) to work on /opt/airflow/dags/fistdag.py
[2024-12-31T22:34:07.769+0000] {processor.py:914} INFO - Processing file /opt/airflow/dags/fistdag.py for tasks to queue
[2024-12-31T22:34:07.788+0000] {logging_mixin.py:190} INFO - [2024-12-31T22:34:07.787+0000] {dagbag.py:588} INFO - Filling up the DagBag from /opt/airflow/dags/fistdag.py
[2024-12-31T22:34:07.883+0000] {processor.py:925} INFO - DAG(s) 'our_first_dag_v5' retrieved from /opt/airflow/dags/fistdag.py
[2024-12-31T22:34:08.120+0000] {logging_mixin.py:190} INFO - [2024-12-31T22:34:08.120+0000] {dag.py:3239} INFO - Sync 1 DAGs
[2024-12-31T22:34:08.327+0000] {logging_mixin.py:190} INFO - [2024-12-31T22:34:08.327+0000] {dag.py:4180} INFO - Setting next_dagrun for our_first_dag_v5 to 2021-10-25 00:00:00+00:00, run_after=2021-10-26 00:00:00+00:00
[2024-12-31T22:34:08.429+0000] {processor.py:208} INFO - Processing /opt/airflow/dags/fistdag.py took 0.728 seconds
[2024-12-31T22:34:38.724+0000] {processor.py:186} INFO - Started process (PID=708) to work on /opt/airflow/dags/fistdag.py
[2024-12-31T22:34:38.726+0000] {processor.py:914} INFO - Processing file /opt/airflow/dags/fistdag.py for tasks to queue
[2024-12-31T22:34:38.729+0000] {logging_mixin.py:190} INFO - [2024-12-31T22:34:38.729+0000] {dagbag.py:588} INFO - Filling up the DagBag from /opt/airflow/dags/fistdag.py
[2024-12-31T22:34:38.764+0000] {processor.py:925} INFO - DAG(s) 'our_first_dag_v5' retrieved from /opt/airflow/dags/fistdag.py
[2024-12-31T22:34:38.804+0000] {logging_mixin.py:190} INFO - [2024-12-31T22:34:38.804+0000] {dag.py:3239} INFO - Sync 1 DAGs
[2024-12-31T22:34:38.843+0000] {logging_mixin.py:190} INFO - [2024-12-31T22:34:38.843+0000] {dag.py:4180} INFO - Setting next_dagrun for our_first_dag_v5 to 2021-10-26 00:00:00+00:00, run_after=2021-10-27 00:00:00+00:00
[2024-12-31T22:34:38.869+0000] {processor.py:208} INFO - Processing /opt/airflow/dags/fistdag.py took 0.156 seconds
