[2025-01-14T18:55:08.879+0000] {local_task_job_runner.py:123} INFO - ::group::Pre task execution logs
[2025-01-14T18:55:08.905+0000] {taskinstance.py:2613} INFO - Dependencies all met for dep_context=non-requeueable deps ti=<TaskInstance: airflow_dag_amazon.load manual__2025-01-14T18:51:12.949391+00:00 [queued]>
[2025-01-14T18:55:08.920+0000] {taskinstance.py:2613} INFO - Dependencies all met for dep_context=requeueable deps ti=<TaskInstance: airflow_dag_amazon.load manual__2025-01-14T18:51:12.949391+00:00 [queued]>
[2025-01-14T18:55:08.920+0000] {taskinstance.py:2866} INFO - Starting attempt 1 of 2
[2025-01-14T18:55:08.940+0000] {taskinstance.py:2889} INFO - Executing <Task(PythonOperator): load> on 2025-01-14 18:51:12.949391+00:00
[2025-01-14T18:55:08.950+0000] {warnings.py:112} WARNING - /home/***/.local/lib/python3.12/site-packages/***/task/task_runner/standard_task_runner.py:70: DeprecationWarning: This process (pid=453) is multi-threaded, use of fork() may lead to deadlocks in the child.
  pid = os.fork()

[2025-01-14T18:55:08.952+0000] {standard_task_runner.py:72} INFO - Started process 455 to run task
[2025-01-14T18:55:08.953+0000] {standard_task_runner.py:104} INFO - Running: ['***', 'tasks', 'run', '***_dag_amazon', 'load', 'manual__2025-01-14T18:51:12.949391+00:00', '--job-id', '5', '--raw', '--subdir', 'DAGS_FOLDER/dag_v1.py', '--cfg-path', '/tmp/tmpo5cawgx0']
[2025-01-14T18:55:08.956+0000] {standard_task_runner.py:105} INFO - Job 5: Subtask load
[2025-01-14T18:55:09.040+0000] {task_command.py:467} INFO - Running <TaskInstance: airflow_dag_amazon.load manual__2025-01-14T18:51:12.949391+00:00 [running]> on host 2a376efbc6a3
[2025-01-14T18:55:09.209+0000] {taskinstance.py:3132} INFO - Exporting env vars: AIRFLOW_CTX_DAG_EMAIL='***@example.com' AIRFLOW_CTX_DAG_OWNER='nasir' AIRFLOW_CTX_DAG_ID='***_dag_amazon' AIRFLOW_CTX_TASK_ID='load' AIRFLOW_CTX_EXECUTION_DATE='2025-01-14T18:51:12.949391+00:00' AIRFLOW_CTX_TRY_NUMBER='1' AIRFLOW_CTX_DAG_RUN_ID='manual__2025-01-14T18:51:12.949391+00:00'
[2025-01-14T18:55:09.212+0000] {taskinstance.py:731} INFO - ::endgroup::
[2025-01-14T18:55:10.851+0000] {logging_mixin.py:190} INFO - Data successfully uploaded to s3://***-basic035/output/required_tweets_20250114_185509.csv
[2025-01-14T18:55:10.857+0000] {python.py:240} INFO - Done. Returned value was: None
[2025-01-14T18:55:10.881+0000] {taskinstance.py:340} INFO - ::group::Post task execution logs
[2025-01-14T18:55:10.882+0000] {taskinstance.py:352} INFO - Marking task as SUCCESS. dag_id=***_dag_amazon, task_id=load, run_id=manual__2025-01-14T18:51:12.949391+00:00, execution_date=20250114T185112, start_date=20250114T185508, end_date=20250114T185510
[2025-01-14T18:55:10.946+0000] {local_task_job_runner.py:266} INFO - Task exited with return code 0
[2025-01-14T18:55:10.982+0000] {taskinstance.py:3895} INFO - 0 downstream tasks scheduled from follow-on schedule check
[2025-01-14T18:55:10.986+0000] {local_task_job_runner.py:245} INFO - ::endgroup::
