[2025-01-14T18:54:45.931+0000] {local_task_job_runner.py:123} INFO - ::group::Pre task execution logs
[2025-01-14T18:54:45.957+0000] {taskinstance.py:2613} INFO - Dependencies all met for dep_context=non-requeueable deps ti=<TaskInstance: airflow_dag_amazon.transform manual__2025-01-14T18:51:12.949391+00:00 [queued]>
[2025-01-14T18:54:45.968+0000] {taskinstance.py:2613} INFO - Dependencies all met for dep_context=requeueable deps ti=<TaskInstance: airflow_dag_amazon.transform manual__2025-01-14T18:51:12.949391+00:00 [queued]>
[2025-01-14T18:54:45.969+0000] {taskinstance.py:2866} INFO - Starting attempt 1 of 2
[2025-01-14T18:54:45.989+0000] {taskinstance.py:2889} INFO - Executing <Task(PythonOperator): transform> on 2025-01-14 18:51:12.949391+00:00
[2025-01-14T18:54:45.998+0000] {warnings.py:112} WARNING - /home/***/.local/lib/python3.12/site-packages/***/task/task_runner/standard_task_runner.py:70: DeprecationWarning: This process (pid=442) is multi-threaded, use of fork() may lead to deadlocks in the child.
  pid = os.fork()

[2025-01-14T18:54:46.000+0000] {standard_task_runner.py:72} INFO - Started process 444 to run task
[2025-01-14T18:54:46.001+0000] {standard_task_runner.py:104} INFO - Running: ['***', 'tasks', 'run', '***_dag_amazon', 'transform', 'manual__2025-01-14T18:51:12.949391+00:00', '--job-id', '4', '--raw', '--subdir', 'DAGS_FOLDER/dag_v1.py', '--cfg-path', '/tmp/tmpw4by5ln3']
[2025-01-14T18:54:46.004+0000] {standard_task_runner.py:105} INFO - Job 4: Subtask transform
[2025-01-14T18:54:46.074+0000] {task_command.py:467} INFO - Running <TaskInstance: airflow_dag_amazon.transform manual__2025-01-14T18:51:12.949391+00:00 [running]> on host 2a376efbc6a3
[2025-01-14T18:54:46.181+0000] {taskinstance.py:3132} INFO - Exporting env vars: AIRFLOW_CTX_DAG_EMAIL='***@example.com' AIRFLOW_CTX_DAG_OWNER='nasir' AIRFLOW_CTX_DAG_ID='***_dag_amazon' AIRFLOW_CTX_TASK_ID='transform' AIRFLOW_CTX_EXECUTION_DATE='2025-01-14T18:51:12.949391+00:00' AIRFLOW_CTX_TRY_NUMBER='1' AIRFLOW_CTX_DAG_RUN_ID='manual__2025-01-14T18:51:12.949391+00:00'
[2025-01-14T18:54:46.183+0000] {taskinstance.py:731} INFO - ::endgroup::
[2025-01-14T18:55:06.279+0000] {logging_mixin.py:190} INFO - Inserted 11 new rows into required_tweets.
[2025-01-14T18:55:06.378+0000] {python.py:240} INFO - Done. Returned value was: None
[2025-01-14T18:55:06.674+0000] {taskinstance.py:340} INFO - ::group::Post task execution logs
[2025-01-14T18:55:06.675+0000] {taskinstance.py:352} INFO - Marking task as SUCCESS. dag_id=***_dag_amazon, task_id=transform, run_id=manual__2025-01-14T18:51:12.949391+00:00, execution_date=20250114T185112, start_date=20250114T185445, end_date=20250114T185506
[2025-01-14T18:55:06.736+0000] {local_task_job_runner.py:266} INFO - Task exited with return code 0
[2025-01-14T18:55:06.759+0000] {taskinstance.py:3895} INFO - 1 downstream tasks scheduled from follow-on schedule check
[2025-01-14T18:55:06.763+0000] {local_task_job_runner.py:245} INFO - ::endgroup::
